WARNING: A terminally 
deprecated method in 
sun.misc.Unsafe has 
been called
WARNING: sun.misc.Unsa
fe::objectFieldOffset 
has been called by com
.google.common.util.co
ncurrent.AbstractFutur
e$UnsafeAtomicHelper (
file:/D:/fsd%20project
/apache-maven-3.9.6/li
b/guava-32.0.1-jre.jar
)
WARNING: Please 
consider reporting 
this to the 
maintainers of class c
om.google.common.util.
concurrent.AbstractFut
ure$UnsafeAtomicHelper
WARNING: sun.misc.Unsa
fe::objectFieldOffset 
will be removed in a 
future release
[INFO] Error stacktraces are turned on.
[INFO] Scanning for projects...
[INFO] 
[INFO] ------------------------< com.artvista:backend >------------------------
[INFO] Building ArtVista Backend 0.0.1-SNAPSHOT
[INFO]   from pom.xml
[INFO] --------------------------------[ jar ]---------------------------------
[INFO] 
[INFO] >>> spring-boot:3.3.7:run (default-cli) > test-compile @ backend >>>
[INFO] 
[INFO] --- resources:3.3.1:resources (default-resources) @ backend ---
[INFO] Copying 1 resource from src\main\resources to target\classes
[INFO] Copying 1 resource from src\main\resources to target\classes
[INFO] 
[INFO] --- compiler:3.13.0:compile (default-compile) @ backend ---
[INFO] Nothing to compile - all classes are up to date.
[INFO] 
[INFO] --- resources:3.3.1:testResources (default-testResources) @ backend ---
[INFO] skip non existing resourceDirectory D:\fsd project\backend\src\test\resources
[INFO] 
[INFO] --- compiler:3.13.0:testCompile (default-testCompile) @ backend ---
[INFO] No sources to compile
[INFO] 
[INFO] <<< spring-boot:3.3.7:run (default-cli) < test-compile @ backend <<<
[INFO] 
[INFO] 
[INFO] --- spring-boot:3.3.7:run (default-cli) @ backend ---
[INFO] Attaching agents: []

  .   ____          _            __ _ _
 /\\ / ___'_ __ _ _(_)_ __  __ _ \ \ \ \
( ( )\___ | '_ | '_| | '_ \/ _` | \ \ \ \
 \\/  ___)| |_)| | | | | || (_| |  ) ) ) )
  '  |____| .__|_| |_|_| |_\__, | / / / /
 =========|_|==============|___/=/_/_/_/

 :: Spring Boot ::                (v3.3.7)

2026-04-02T09:31:48.360+05:30  INFO 6864 --- [artvista] [  restartedMain] com.artvista.ArtvistaApplication         : Starting ArtvistaApplication using Java 25.0.2 with PID 6864 (D:\fsd project\backend\target\classes started by princ in D:\fsd project\backend)
2026-04-02T09:31:48.363+05:30  INFO 6864 --- [artvista] [  restartedMain] com.artvista.ArtvistaApplication         : No active profile set, falling back to 1 default profile: "default"
2026-04-02T09:31:48.449+05:30  INFO 6864 --- [artvista] [  restartedMain] .e.DevToolsPropertyDefaultsPostProcessor : Devtools property defaults active! Set 'spring.devtools.add-properties' to 'false' to disable
2026-04-02T09:31:48.449+05:30  INFO 6864 --- [artvista] [  restartedMain] .e.DevToolsPropertyDefaultsPostProcessor : For additional web related logging consider setting the 'logging.level.web' property to 'DEBUG'
2026-04-02T09:31:49.283+05:30  INFO 6864 --- [artvista] [  restartedMain] .s.d.r.c.RepositoryConfigurationDelegate : Bootstrapping Spring Data JPA repositories in DEFAULT mode.
2026-04-02T09:31:49.364+05:30  INFO 6864 --- [artvista] [  restartedMain] .s.d.r.c.RepositoryConfigurationDelegate : Finished Spring Data repository scanning in 72 ms. Found 4 JPA repository interfaces.
WARNING: A restricted method in java.lang.System has been called
WARNING: java.lang.System::load has been called by org.apache.tomcat.jni.Library in an unnamed module (file:/C:/Users/princ/.m2/repository/org/apache/tomcat/embed/tomcat-embed-core/10.1.34/tomcat-embed-core-10.1.34.jar)
WARNING: Use --enable-native-access=ALL-UNNAMED to avoid a warning for callers in this module
WARNING: Restricted methods will be blocked in a future release unless native access is enabled

2026-04-02T09:31:50.238+05:30  INFO 6864 --- [artvista] [  restartedMain] o.s.b.w.embedded.tomcat.TomcatWebServer  : Tomcat initialized with port 8080 (http)
2026-04-02T09:31:50.268+05:30  INFO 6864 --- [artvista] [  restartedMain] o.apache.catalina.core.StandardService   : Starting service [Tomcat]
2026-04-02T09:31:50.268+05:30  INFO 6864 --- [artvista] [  restartedMain] o.apache.catalina.core.StandardEngine    : Starting Servlet engine: [Apache Tomcat/10.1.34]
2026-04-02T09:31:50.365+05:30  INFO 6864 --- [artvista] [  restartedMain] o.a.c.c.C.[Tomcat].[localhost].[/]       : Initializing Spring embedded WebApplicationContext
2026-04-02T09:31:50.366+05:30  INFO 6864 --- [artvista] [  restartedMain] w.s.c.ServletWebServerApplicationContext : Root WebApplicationContext: initialization completed in 1917 ms
2026-04-02T09:31:50.582+05:30  INFO 6864 --- [artvista] [  restartedMain] o.hibernate.jpa.internal.util.LogHelper  : HHH000204: Processing PersistenceUnitInfo [name: default]
2026-04-02T09:31:50.700+05:30  INFO 6864 --- [artvista] [  restartedMain] org.hibernate.Version                    : HHH000412: Hibernate ORM core version 6.5.3.Final
2026-04-02T09:31:50.771+05:30  INFO 6864 --- [artvista] [  restartedMain] o.h.c.internal.RegionFactoryInitiator    : HHH000026: Second-level cache disabled
2026-04-02T09:31:51.243+05:30  INFO 6864 --- [artvista] [  restartedMain] o.s.o.j.p.SpringPersistenceUnitInfo      : No LoadTimeWeaver setup: ignoring JPA class transformer
2026-04-02T09:31:51.286+05:30  INFO 6864 --- [artvista] [  restartedMain] com.zaxxer.hikari.HikariDataSource       : HikariPool-1 - Starting...
2026-04-02T09:31:51.607+05:30  INFO 6864 --- [artvista] [  restartedMain] com.zaxxer.hikari.pool.HikariPool        : HikariPool-1 - Added connection conn0: url=jdbc:h2:mem:artvista user=SA
2026-04-02T09:31:51.608+05:30  INFO 6864 --- [artvista] [  restartedMain] com.zaxxer.hikari.HikariDataSource       : HikariPool-1 - Start completed.
2026-04-02T09:31:51.654+05:30  WARN 6864 --- [artvista] [  restartedMain] org.hibernate.orm.deprecation            : HHH90000025: H2Dialect does not need to be specified explicitly using 'hibernate.dialect' (remove the property setting and it will be selected by default)
2026-04-02T09:31:52.910+05:30  INFO 6864 --- [artvista] [  restartedMain] o.h.e.t.j.p.i.JtaPlatformInitiator       : HHH000489: No JTA platform available (set 'hibernate.transaction.jta.platform' to enable JTA platform integration)
Hibernate: create table artworks (id bigint generated by default as identity, artist varchar(255), category varchar(255) not null, description varchar(255), image_url varchar(255), price float(53), status varchar(255), title varchar(255) not null, primary key (id))
Hibernate: create table exhibitions (id bigint generated by default as identity, artworks_count integer not null, description varchar(255), end_date varchar(255), name varchar(255) not null, start_date varchar(255), status varchar(255), primary key (id))
Hibernate: create table purchases (id bigint generated by default as identity, amount float(53), artist varchar(255), artwork varchar(255), buyer varchar(255), purchase_date varchar(255), status varchar(255), primary key (id))
Hibernate: create table users (id bigint generated by default as identity, email varchar(255) not null, name varchar(255), password varchar(255) not null, role varchar(255) not null, primary key (id))
Hibernate: alter table if exists users drop constraint if exists UK6dotkott2kjsp8vw4d0m25fb7
Hibernate: alter table if exists users add constraint UK6dotkott2kjsp8vw4d0m25fb7 unique (email)
2026-04-02T09:31:53.021+05:30  INFO 6864 --- [artvista] [  restartedMain] j.LocalContainerEntityManagerFactoryBean : Initialized JPA EntityManagerFactory for persistence unit 'default'
2026-04-02T09:31:53.597+05:30  WARN 6864 --- [artvista] [  restartedMain] JpaBaseConfiguration$JpaWebConfiguration : spring.jpa.open-in-view is enabled by default. Therefore, database queries may be performed during view rendering. Explicitly configure spring.jpa.open-in-view to disable this warning
2026-04-02T09:31:54.021+05:30  INFO 6864 --- [artvista] [  restartedMain] o.s.b.a.h2.H2ConsoleAutoConfiguration    : H2 console available at '/h2-console'. Database available at 'jdbc:h2:mem:artvista'
2026-04-02T09:31:54.150+05:30  INFO 6864 --- [artvista] [  restartedMain] o.s.b.d.a.OptionalLiveReloadServer       : LiveReload server is running on port 35729
2026-04-02T09:31:54.206+05:30  INFO 6864 --- [artvista] [  restartedMain] o.s.b.w.embedded.tomcat.TomcatWebServer  : Tomcat started on port 8080 (http) with context path '/'
2026-04-02T09:31:54.214+05:30  INFO 6864 --- [artvista] [  restartedMain] com.artvista.ArtvistaApplication         : Started ArtvistaApplication in 6.451 seconds (process running for 7.068)
